<?xml version="1.0" encoding="UTF-8"?>
<!-- Generated by org.testng.reporters.JUnitReportReporter -->
<testsuite hostname="DESKTOP-GTIL9J8" failures="0" tests="1" name="tests.KeywordDriven" time="16.801" errors="0" timestamp="2022-04-06T23:49:48 AST" skipped="0">
  <testcase classname="tests.KeywordDriven" name="login" time="16.801"/>
  <system-out/>
</testsuite> <!-- tests.KeywordDriven -->
